2016-06-30 05:23:36,538 [1] [INFO ] - 初始化WebService对象 
2016-06-30 05:24:00,805 [1] [INFO ] - 生成XMLE:\SendXML05-24-00.xml 
2016-06-30 05:24:00,872 [1] [INFO ] - 调用传对象接口 
2016-06-30 05:24:00,874 [1] [INFO ] - 开始创建任务，执行一系列操作 
2016-06-30 05:24:00,877 [1] [INFO ] - 外部程序调用，添加仿真数据 
2016-06-30 05:24:00,879 [1] [INFO ] - 保存路径D:\XML 
2016-06-30 05:24:00,880 [1] [INFO ] - 添加到仿真数据队列，当前共计1 
2016-06-30 05:24:00,944 [8] [INFO ] - 仿真线程已启动..... 
2016-06-30 05:24:00,945 [8] [INFO ] - 开始生成XML文件.... 
2016-06-30 05:24:01,074 [8] [INFO ] - 开始生成导入基站XML文件 
2016-06-30 05:24:05,027 [8] [INFO ] - 开始生成删除基站XML文件 
2016-06-30 05:24:08,313 [8] [INFO ] - 开始生成导入位置信息XML文件 
2016-06-30 05:24:11,478 [8] [INFO ] - 开始生成删除位置信息XML文件 
2016-06-30 05:24:15,002 [8] [INFO ] - 开始生成XML成功,开始导入XML文件... 
2016-06-30 05:24:16,851 [8] [INFO ] - 导入XML文件执行完成,判断导入是否成功... 
2016-06-30 05:24:17,119 [8] [INFO ] - User Id=admin;Password=admin;Data Source=(DESCRIPTION=(ADDRESS_LIST=(ADDRESS=(PROTOCOL=TCP)(HOST=localhost)(PORT=1521)))(CONNECT_DATA=(SERVICE_NAME=CHM82))) 
2016-06-30 05:24:20,373 [8] [INFO ] - 导入XML文件执行失败，不执行仿真任务 
2016-06-30 05:24:20,374 [8] [INFO ] - 等待下一次任务执行----------------- 
2016-06-30 05:24:30,376 [8] [INFO ] - 没有提取到任务，等待... 
2016-06-30 05:25:00,376 [8] [INFO ] - 等待下一次任务执行----------------- 
2016-06-30 05:25:10,377 [8] [INFO ] - 没有提取到任务，等待... 
2016-06-30 05:25:30,329 [1] [INFO ] - 生成XMLE:\SendXML05-25-30.xml 
2016-06-30 05:25:30,331 [1] [INFO ] - 调用传对象接口 
2016-06-30 05:25:30,332 [1] [INFO ] - 外部程序调用，添加仿真数据 
2016-06-30 05:25:30,332 [1] [INFO ] - 保存路径D:\XML 
2016-06-30 05:25:30,332 [1] [INFO ] - 添加到仿真数据队列，当前共计1 
2016-06-30 05:25:40,378 [8] [INFO ] - 等待下一次任务执行----------------- 
2016-06-30 05:25:50,378 [8] [INFO ] - 开始生成XML文件.... 
2016-06-30 05:25:50,379 [8] [INFO ] - 开始生成导入基站XML文件 
2016-06-30 05:25:53,999 [8] [INFO ] - 开始生成删除基站XML文件 
2016-06-30 05:25:57,198 [8] [INFO ] - 开始生成导入位置信息XML文件 
2016-06-30 05:26:00,387 [8] [INFO ] - 开始生成删除位置信息XML文件 
2016-06-30 05:26:03,564 [8] [INFO ] - 开始生成XML成功,开始导入XML文件... 
2016-06-30 05:26:05,306 [8] [INFO ] - 导入XML文件执行完成,判断导入是否成功... 
2016-06-30 05:26:05,307 [8] [INFO ] - User Id=admin;Password=admin;Data Source=(DESCRIPTION=(ADDRESS_LIST=(ADDRESS=(PROTOCOL=TCP)(HOST=localhost)(PORT=1521)))(CONNECT_DATA=(SERVICE_NAME=CHM82))) 
2016-06-30 05:26:05,342 [8] [INFO ] - 导入XML文件执行失败，不执行仿真任务 
2016-06-30 05:26:05,343 [8] [INFO ] - 等待下一次任务执行----------------- 
2016-06-30 05:26:15,344 [8] [INFO ] - 没有提取到任务，等待... 
2016-06-30 05:26:45,344 [8] [INFO ] - 等待下一次任务执行----------------- 
2016-06-30 05:26:55,345 [8] [INFO ] - 没有提取到任务，等待... 
2016-06-30 05:27:25,346 [8] [INFO ] - 等待下一次任务执行----------------- 
2016-06-30 05:27:35,346 [8] [INFO ] - 没有提取到任务，等待... 
2016-06-30 05:28:05,347 [8] [INFO ] - 等待下一次任务执行----------------- 
2016-06-30 05:28:15,348 [8] [INFO ] - 没有提取到任务，等待... 
2016-06-30 05:28:45,348 [8] [INFO ] - 等待下一次任务执行----------------- 
2016-06-30 05:28:55,349 [8] [INFO ] - 没有提取到任务，等待... 
2016-06-30 05:29:25,350 [8] [INFO ] - 等待下一次任务执行----------------- 
2016-06-30 05:29:35,350 [8] [INFO ] - 没有提取到任务，等待... 
2016-06-30 05:30:05,351 [8] [INFO ] - 等待下一次任务执行----------------- 
2016-06-30 05:30:15,351 [8] [INFO ] - 没有提取到任务，等待... 
2016-06-30 05:30:45,352 [8] [INFO ] - 等待下一次任务执行----------------- 
2016-06-30 05:30:55,353 [8] [INFO ] - 没有提取到任务，等待... 
2016-06-30 05:31:25,353 [8] [INFO ] - 等待下一次任务执行----------------- 
2016-06-30 05:31:35,354 [8] [INFO ] - 没有提取到任务，等待... 
2016-06-30 05:32:05,355 [8] [INFO ] - 等待下一次任务执行----------------- 
2016-06-30 05:32:15,355 [8] [INFO ] - 没有提取到任务，等待... 
2016-06-30 05:32:45,356 [8] [INFO ] - 等待下一次任务执行----------------- 
2016-06-30 05:32:55,357 [8] [INFO ] - 没有提取到任务，等待... 
2016-06-30 05:33:25,357 [8] [INFO ] - 等待下一次任务执行----------------- 
2016-06-30 05:33:35,358 [8] [INFO ] - 没有提取到任务，等待... 
2016-06-30 05:34:05,359 [8] [INFO ] - 等待下一次任务执行----------------- 
2016-06-30 05:34:15,359 [8] [INFO ] - 没有提取到任务，等待... 
2016-06-30 05:34:45,360 [8] [INFO ] - 等待下一次任务执行----------------- 
2016-06-30 05:34:55,360 [8] [INFO ] - 没有提取到任务，等待... 
2016-06-30 05:35:25,361 [8] [INFO ] - 等待下一次任务执行----------------- 
2016-06-30 05:35:35,362 [8] [INFO ] - 没有提取到任务，等待... 
2016-06-30 05:36:05,362 [8] [INFO ] - 等待下一次任务执行----------------- 
2016-06-30 05:36:15,363 [8] [INFO ] - 没有提取到任务，等待... 
2016-06-30 05:36:45,364 [8] [INFO ] - 等待下一次任务执行----------------- 
2016-06-30 05:36:55,364 [8] [INFO ] - 没有提取到任务，等待... 
2016-06-30 05:37:25,365 [8] [INFO ] - 等待下一次任务执行----------------- 
2016-06-30 05:37:35,366 [8] [INFO ] - 没有提取到任务，等待... 
2016-06-30 05:38:05,366 [8] [INFO ] - 等待下一次任务执行----------------- 
2016-06-30 05:38:15,367 [8] [INFO ] - 没有提取到任务，等待... 
2016-06-30 05:38:45,368 [8] [INFO ] - 等待下一次任务执行----------------- 
2016-06-30 05:38:55,368 [8] [INFO ] - 没有提取到任务，等待... 
2016-06-30 05:39:25,379 [8] [INFO ] - 等待下一次任务执行----------------- 
2016-06-30 05:39:35,395 [8] [INFO ] - 没有提取到任务，等待... 
2016-06-30 05:40:05,409 [8] [INFO ] - 等待下一次任务执行----------------- 
2016-06-30 05:40:15,424 [8] [INFO ] - 没有提取到任务，等待... 
2016-06-30 05:40:45,439 [8] [INFO ] - 等待下一次任务执行----------------- 
2016-06-30 05:40:55,454 [8] [INFO ] - 没有提取到任务，等待... 
2016-06-30 05:41:25,468 [8] [INFO ] - 等待下一次任务执行----------------- 
2016-06-30 05:41:35,484 [8] [INFO ] - 没有提取到任务，等待... 
2016-06-30 05:42:05,498 [8] [INFO ] - 等待下一次任务执行----------------- 
2016-06-30 05:42:15,513 [8] [INFO ] - 没有提取到任务，等待... 
2016-06-30 05:42:45,528 [8] [INFO ] - 等待下一次任务执行----------------- 
2016-06-30 05:42:55,543 [8] [INFO ] - 没有提取到任务，等待... 
2016-06-30 05:43:25,557 [8] [INFO ] - 等待下一次任务执行----------------- 
2016-06-30 05:43:35,573 [8] [INFO ] - 没有提取到任务，等待... 
2016-06-30 05:44:05,579 [8] [INFO ] - 等待下一次任务执行----------------- 
2016-06-30 05:44:15,588 [8] [INFO ] - 没有提取到任务，等待... 
2016-06-30 05:44:45,599 [8] [INFO ] - 等待下一次任务执行----------------- 
2016-06-30 05:44:55,614 [8] [INFO ] - 没有提取到任务，等待... 
2016-06-30 05:45:25,628 [8] [INFO ] - 等待下一次任务执行----------------- 
2016-06-30 05:45:35,644 [8] [INFO ] - 没有提取到任务，等待... 
2016-06-30 05:46:05,658 [8] [INFO ] - 等待下一次任务执行----------------- 
2016-06-30 05:46:15,673 [8] [INFO ] - 没有提取到任务，等待... 
2016-06-30 05:46:45,688 [8] [INFO ] - 等待下一次任务执行----------------- 
2016-06-30 05:46:55,703 [8] [INFO ] - 没有提取到任务，等待... 
2016-06-30 05:47:25,717 [8] [INFO ] - 等待下一次任务执行----------------- 
2016-06-30 05:47:35,733 [8] [INFO ] - 没有提取到任务，等待... 
